<?xml version="1.0" encoding="UTF-8"?>
<!-- Generated by org.testng.reporters.JUnitXMLReporter -->
<testsuite ignored="0" hostname="DESKTOP-BVG98LG" failures="1" tests="2" name="SeleniumMavenTestNG" time="3.091" errors="0" timestamp="2026-03-27T15:46:03 ICT">
  <testcase classname="com.huyphan.Bai10_Annotations.DemoAnnotation" name="testOneMethod" time="0.002"/>
  <testcase classname="com.huyphan.Bai10_Annotations.DemoAnnotation" name="testTwoMethod" time="3.019">
    <failure type="org.testng.internal.thread.ThreadTimeoutException" message="Method com.huyphan.Bai10_Annotations.DemoAnnotation.testTwoMethod() didn&amp;apos;t finish within the time-out 3000">
      <![CDATA[org.testng.internal.thread.ThreadTimeoutException: Method com.huyphan.Bai10_Annotations.DemoAnnotation.testTwoMethod() didn't finish within the time-out 3000
at java.base@17.0.16/java.lang.Thread.sleep(Native Method)
at app//com.huyphan.Bai10_Annotations.DemoAnnotation.testTwoMethod(DemoAnnotation.java:74)
at java.base@17.0.16/java.util.concurrent.FutureTask.run$$$capture(FutureTask.java:264)
at java.base@17.0.16/java.util.concurrent.FutureTask.run(FutureTask.java)
at java.base@17.0.16/java.util.concurrent.ThreadPoolExecutor.runWorker(ThreadPoolExecutor.java:1136)
at java.base@17.0.16/java.util.concurrent.ThreadPoolExecutor$Worker.run(ThreadPoolExecutor.java:635)
at java.base@17.0.16/java.lang.Thread.run(Thread.java:840)
... Removed 8 stack frames]]>
    </failure>
  </testcase> <!-- testTwoMethod -->
</testsuite> <!-- SeleniumMavenTestNG -->
