<?xml version="1.0" encoding="UTF-8"?>
<testng-results ignored="0" total="2" passed="1" failed="1" skipped="0">
  <reporter-output>
  </reporter-output>
  <suite started-at="2026-03-27T15:46:00 ICT" name="Default Suite" finished-at="2026-03-27T15:46:03 ICT" duration-ms="3091">
    <groups>
      <group name="testOne">
        <method signature="DemoAnnotation.testOneMethod()[pri:0, instance:com.huyphan.Bai10_Annotations.DemoAnnotation@4802796d]" name="testOneMethod" class="com.huyphan.Bai10_Annotations.DemoAnnotation"/>
      </group> <!-- testOne -->
      <group name="testTwo">
        <method signature="DemoAnnotation.testTwoMethod()[pri:0, instance:com.huyphan.Bai10_Annotations.DemoAnnotation@4802796d]" name="testTwoMethod" class="com.huyphan.Bai10_Annotations.DemoAnnotation"/>
      </group> <!-- testTwo -->
    </groups>
    <test started-at="2026-03-27T15:46:00 ICT" name="SeleniumMavenTestNG" finished-at="2026-03-27T15:46:03 ICT" duration-ms="3091">
      <class name="com.huyphan.Bai10_Annotations.DemoAnnotation">
        <test-method is-config="true" signature="beforeSuite()[pri:0, instance:com.huyphan.Bai10_Annotations.DemoAnnotation@4802796d]" started-at="2026-03-27T15:46:00 ICT" name="beforeSuite" finished-at="2026-03-27T15:46:00 ICT" duration-ms="13" status="PASS">
          <reporter-output>
          </reporter-output>
        </test-method> <!-- beforeSuite -->
        <test-method is-config="true" signature="beforeTest()[pri:0, instance:com.huyphan.Bai10_Annotations.DemoAnnotation@4802796d]" started-at="2026-03-27T15:46:00 ICT" name="beforeTest" finished-at="2026-03-27T15:46:00 ICT" duration-ms="0" status="PASS">
          <reporter-output>
          </reporter-output>
        </test-method> <!-- beforeTest -->
        <test-method is-config="true" signature="beforeClass()[pri:0, instance:com.huyphan.Bai10_Annotations.DemoAnnotation@4802796d]" started-at="2026-03-27T15:46:00 ICT" name="beforeClass" finished-at="2026-03-27T15:46:00 ICT" duration-ms="1" status="PASS">
          <reporter-output>
          </reporter-output>
        </test-method> <!-- beforeClass -->
        <test-method is-config="true" signature="beforeBaseClass()[pri:0, instance:com.huyphan.Bai10_Annotations.DemoAnnotation@4802796d]" started-at="2026-03-27T15:46:00 ICT" name="beforeBaseClass" finished-at="2026-03-27T15:46:00 ICT" duration-ms="0" status="PASS">
          <reporter-output>
          </reporter-output>
        </test-method> <!-- beforeBaseClass -->
        <test-method is-config="true" signature="beforeBaseMethod()[pri:0, instance:com.huyphan.Bai10_Annotations.DemoAnnotation@4802796d]" started-at="2026-03-27T15:46:00 ICT" name="beforeBaseMethod" finished-at="2026-03-27T15:46:00 ICT" duration-ms="1" status="PASS">
          <reporter-output>
          </reporter-output>
        </test-method> <!-- beforeBaseMethod -->
        <test-method is-config="true" signature="beforeGroupOne()[pri:0, instance:com.huyphan.Bai10_Annotations.DemoAnnotation@4802796d]" started-at="2026-03-27T15:46:00 ICT" name="beforeGroupOne" finished-at="2026-03-27T15:46:00 ICT" duration-ms="0" status="PASS">
          <reporter-output>
          </reporter-output>
        </test-method> <!-- beforeGroupOne -->
        <test-method signature="testOneMethod()[pri:0, instance:com.huyphan.Bai10_Annotations.DemoAnnotation@4802796d]" started-at="2026-03-27T15:46:00 ICT" name="testOneMethod" description="Test method 1" finished-at="2026-03-27T15:46:00 ICT" duration-ms="2" status="PASS">
          <reporter-output>
          </reporter-output>
        </test-method> <!-- testOneMethod -->
        <test-method is-config="true" signature="beforeMethod()[pri:0, instance:com.huyphan.Bai10_Annotations.DemoAnnotation@4802796d]" started-at="2026-03-27T15:46:00 ICT" name="beforeMethod" finished-at="2026-03-27T15:46:00 ICT" duration-ms="0" status="PASS">
          <reporter-output>
          </reporter-output>
        </test-method> <!-- beforeMethod -->
        <test-method is-config="true" signature="afterMethod()[pri:0, instance:com.huyphan.Bai10_Annotations.DemoAnnotation@4802796d]" started-at="2026-03-27T15:46:00 ICT" name="afterMethod" finished-at="2026-03-27T15:46:00 ICT" duration-ms="1" status="PASS">
          <reporter-output>
          </reporter-output>
        </test-method> <!-- afterMethod -->
        <test-method is-config="true" signature="afterBaseMethod()[pri:0, instance:com.huyphan.Bai10_Annotations.DemoAnnotation@4802796d]" started-at="2026-03-27T15:46:00 ICT" name="afterBaseMethod" finished-at="2026-03-27T15:46:00 ICT" duration-ms="1" status="PASS">
          <reporter-output>
          </reporter-output>
        </test-method> <!-- afterBaseMethod -->
        <test-method is-config="true" signature="afterGroupOne()[pri:0, instance:com.huyphan.Bai10_Annotations.DemoAnnotation@4802796d]" started-at="2026-03-27T15:46:00 ICT" name="afterGroupOne" finished-at="2026-03-27T15:46:00 ICT" duration-ms="0" status="PASS">
          <reporter-output>
          </reporter-output>
        </test-method> <!-- afterGroupOne -->
        <test-method is-config="true" signature="beforeGroupTwo()[pri:0, instance:com.huyphan.Bai10_Annotations.DemoAnnotation@4802796d]" started-at="2026-03-27T15:46:00 ICT" name="beforeGroupTwo" finished-at="2026-03-27T15:46:00 ICT" duration-ms="1" status="PASS">
          <reporter-output>
          </reporter-output>
        </test-method> <!-- beforeGroupTwo -->
        <test-method is-config="true" signature="beforeBaseMethod()[pri:0, instance:com.huyphan.Bai10_Annotations.DemoAnnotation@4802796d]" started-at="2026-03-27T15:46:00 ICT" name="beforeBaseMethod" finished-at="2026-03-27T15:46:00 ICT" duration-ms="0" status="PASS">
          <reporter-output>
          </reporter-output>
        </test-method> <!-- beforeBaseMethod -->
        <test-method signature="testTwoMethod()[pri:0, instance:com.huyphan.Bai10_Annotations.DemoAnnotation@4802796d]" started-at="2026-03-27T15:46:00 ICT" name="testTwoMethod" finished-at="2026-03-27T15:46:03 ICT" duration-ms="3019" status="FAIL">
          <exception class="org.testng.internal.thread.ThreadTimeoutException">
            <message>
              <![CDATA[Method com.huyphan.Bai10_Annotations.DemoAnnotation.testTwoMethod() didn't finish within the time-out 3000]]>
            </message>
            <full-stacktrace>
              <![CDATA[org.testng.internal.thread.ThreadTimeoutException: Method com.huyphan.Bai10_Annotations.DemoAnnotation.testTwoMethod() didn't finish within the time-out 3000
at java.base@17.0.16/java.lang.Thread.sleep(Native Method)
at app//com.huyphan.Bai10_Annotations.DemoAnnotation.testTwoMethod(DemoAnnotation.java:74)
at java.base@17.0.16/jdk.internal.reflect.NativeMethodAccessorImpl.invoke0(Native Method)
at java.base@17.0.16/jdk.internal.reflect.NativeMethodAccessorImpl.invoke(NativeMethodAccessorImpl.java:77)
at java.base@17.0.16/jdk.internal.reflect.DelegatingMethodAccessorImpl.invoke(DelegatingMethodAccessorImpl.java:43)
at java.base@17.0.16/java.lang.reflect.Method.invoke(Method.java:569)
at app//org.testng.internal.invokers.MethodInvocationHelper.invokeMethod(MethodInvocationHelper.java:139)
at app//org.testng.internal.invokers.InvokeMethodRunnable.runOne(InvokeMethodRunnable.java:47)
at app//org.testng.internal.invokers.InvokeMethodRunnable.call(InvokeMethodRunnable.java:76)
at app//org.testng.internal.invokers.InvokeMethodRunnable.call(InvokeMethodRunnable.java:11)
at java.base@17.0.16/java.util.concurrent.FutureTask.run$$$capture(FutureTask.java:264)
at java.base@17.0.16/java.util.concurrent.FutureTask.run(FutureTask.java)
at java.base@17.0.16/java.util.concurrent.ThreadPoolExecutor.runWorker(ThreadPoolExecutor.java:1136)
at java.base@17.0.16/java.util.concurrent.ThreadPoolExecutor$Worker.run(ThreadPoolExecutor.java:635)
at java.base@17.0.16/java.lang.Thread.run(Thread.java:840)
]]>
            </full-stacktrace>
          </exception> <!-- org.testng.internal.thread.ThreadTimeoutException -->
          <reporter-output>
          </reporter-output>
        </test-method> <!-- testTwoMethod -->
        <test-method is-config="true" signature="beforeMethod()[pri:0, instance:com.huyphan.Bai10_Annotations.DemoAnnotation@4802796d]" started-at="2026-03-27T15:46:00 ICT" name="beforeMethod" finished-at="2026-03-27T15:46:00 ICT" duration-ms="0" status="PASS">
          <reporter-output>
          </reporter-output>
        </test-method> <!-- beforeMethod -->
        <test-method is-config="true" signature="afterMethod()[pri:0, instance:com.huyphan.Bai10_Annotations.DemoAnnotation@4802796d]" started-at="2026-03-27T15:46:03 ICT" name="afterMethod" finished-at="2026-03-27T15:46:03 ICT" duration-ms="1" status="PASS">
          <reporter-output>
          </reporter-output>
        </test-method> <!-- afterMethod -->
        <test-method is-config="true" signature="afterBaseMethod()[pri:0, instance:com.huyphan.Bai10_Annotations.DemoAnnotation@4802796d]" started-at="2026-03-27T15:46:03 ICT" name="afterBaseMethod" finished-at="2026-03-27T15:46:03 ICT" duration-ms="0" status="PASS">
          <reporter-output>
          </reporter-output>
        </test-method> <!-- afterBaseMethod -->
        <test-method is-config="true" signature="afterClass()[pri:0, instance:com.huyphan.Bai10_Annotations.DemoAnnotation@4802796d]" started-at="2026-03-27T15:46:03 ICT" name="afterClass" finished-at="2026-03-27T15:46:03 ICT" duration-ms="1" status="PASS">
          <reporter-output>
          </reporter-output>
        </test-method> <!-- afterClass -->
        <test-method is-config="true" signature="afterGroupTwo()[pri:0, instance:com.huyphan.Bai10_Annotations.DemoAnnotation@4802796d]" started-at="2026-03-27T15:46:03 ICT" name="afterGroupTwo" finished-at="2026-03-27T15:46:03 ICT" duration-ms="0" status="PASS">
          <reporter-output>
          </reporter-output>
        </test-method> <!-- afterGroupTwo -->
        <test-method is-config="true" signature="afterBaseClass()[pri:0, instance:com.huyphan.Bai10_Annotations.DemoAnnotation@4802796d]" started-at="2026-03-27T15:46:03 ICT" name="afterBaseClass" finished-at="2026-03-27T15:46:03 ICT" duration-ms="0" status="PASS">
          <reporter-output>
          </reporter-output>
        </test-method> <!-- afterBaseClass -->
        <test-method is-config="true" signature="afterTest()[pri:0, instance:com.huyphan.Bai10_Annotations.DemoAnnotation@4802796d]" started-at="2026-03-27T15:46:03 ICT" name="afterTest" finished-at="2026-03-27T15:46:03 ICT" duration-ms="1" status="PASS">
          <reporter-output>
          </reporter-output>
        </test-method> <!-- afterTest -->
        <test-method is-config="true" signature="afterSuite()[pri:0, instance:com.huyphan.Bai10_Annotations.DemoAnnotation@4802796d]" started-at="2026-03-27T15:46:03 ICT" name="afterSuite" finished-at="2026-03-27T15:46:03 ICT" duration-ms="0" status="PASS">
          <reporter-output>
          </reporter-output>
        </test-method> <!-- afterSuite -->
      </class> <!-- com.huyphan.Bai10_Annotations.DemoAnnotation -->
    </test> <!-- SeleniumMavenTestNG -->
  </suite> <!-- Default Suite -->
</testng-results>
