<?xml version="1.0" encoding="UTF-8"?>
<!-- Generated by org.testng.reporters.JUnitReportReporter -->
<testsuite hostname="DESKTOP-BVG98LG" failures="0" tests="2" name="com.huyphan.Bai10_Annotations.DemoAnnotation" time="3.025" errors="1" timestamp="2026-03-27T15:46:03 ICT" skipped="0">
  <testcase classname="com.huyphan.Bai10_Annotations.DemoAnnotation" name="testOneMethod" time="0.005"/>
  <system-out/>
  <testcase classname="com.huyphan.Bai10_Annotations.DemoAnnotation" name="testTwoMethod" time="3.020">
    <error message="Method com.huyphan.Bai10_Annotations.DemoAnnotation.testTwoMethod() didn&#039;t finish within the time-out 3000" type="org.testng.internal.thread.ThreadTimeoutException">
      <![CDATA[org.testng.internal.thread.ThreadTimeoutException: Method com.huyphan.Bai10_Annotations.DemoAnnotation.testTwoMethod() didn't finish within the time-out 3000
at java.base@17.0.16/java.lang.Thread.sleep(Native Method)
at app//com.huyphan.Bai10_Annotations.DemoAnnotation.testTwoMethod(DemoAnnotation.java:74)
at java.base@17.0.16/jdk.internal.reflect.NativeMethodAccessorImpl.invoke0(Native Method)
at java.base@17.0.16/jdk.internal.reflect.NativeMethodAccessorImpl.invoke(NativeMethodAccessorImpl.java:77)
at java.base@17.0.16/jdk.internal.reflect.DelegatingMethodAccessorImpl.invoke(DelegatingMethodAccessorImpl.java:43)
at java.base@17.0.16/java.lang.reflect.Method.invoke(Method.java:569)
at app//org.testng.internal.invokers.MethodInvocationHelper.invokeMethod(MethodInvocationHelper.java:139)
at app//org.testng.internal.invokers.InvokeMethodRunnable.runOne(InvokeMethodRunnable.java:47)
at app//org.testng.internal.invokers.InvokeMethodRunnable.call(InvokeMethodRunnable.java:76)
at app//org.testng.internal.invokers.InvokeMethodRunnable.call(InvokeMethodRunnable.java:11)
at java.base@17.0.16/java.util.concurrent.FutureTask.run$$$capture(FutureTask.java:264)
at java.base@17.0.16/java.util.concurrent.FutureTask.run(FutureTask.java)
at java.base@17.0.16/java.util.concurrent.ThreadPoolExecutor.runWorker(ThreadPoolExecutor.java:1136)
at java.base@17.0.16/java.util.concurrent.ThreadPoolExecutor$Worker.run(ThreadPoolExecutor.java:635)
at java.base@17.0.16/java.lang.Thread.run(Thread.java:840)
]]>
    </error>
  </testcase> <!-- testTwoMethod -->
  <system-out/>
</testsuite> <!-- com.huyphan.Bai10_Annotations.DemoAnnotation -->
